#
# There is insufficient memory for the Java Runtime Environment to continue.
# Native memory allocation (mmap) failed to map 234881024 bytes for G1 virtual space
# Possible reasons:
#   The system is out of physical RAM or swap space
#   The process is running with CompressedOops enabled, and the Java Heap may be blocking the growth of the native heap
# Possible solutions:
#   Reduce memory load on the system
#   Increase physical memory or swap space
#   Check if swap backing store is full
#   Decrease Java heap size (-Xmx/-Xms)
#   Decrease number of Java threads
#   Decrease Java thread stack sizes (-Xss)
#   Set larger code cache with -XX:ReservedCodeCacheSize=
#   JVM is running with Zero Based Compressed Oops mode in which the Java heap is
#     placed in the first 32GB address space. The Java Heap base address is the
#     maximum limit for the native heap growth. Please use -XX:HeapBaseMinAddress
#     to set the Java Heap base and to place the Java Heap above 32GB virtual address.
# This output file may be truncated or incomplete.
#
#  Out of Memory Error (os_windows.cpp:3548), pid=22424, tid=31032
#
# JRE version:  (17.0.10+11) (build )
# Java VM: Java HotSpot(TM) 64-Bit Server VM (17.0.10+11-LTS-240, mixed mode, emulated-client, sharing, tiered, compressed oops, compressed class ptrs, g1 gc, windows-amd64)
# No core dump will be written. Minidumps are not enabled by default on client versions of Windows
#

---------------  S U M M A R Y ------------

Command Line: -XX:+ShowCodeDetailsInExceptionMessages -agentlib:jdwp=transport=dt_socket,suspend=y,address=localhost:57677 -Dcom.sun.management.jmxremote -Dcom.sun.management.jmxremote.port=56454 -Dcom.sun.management.jmxremote.authenticate=false -Dcom.sun.management.jmxremote.ssl=false -Djava.rmi.server.hostname=localhost -Dspring.jmx.enabled=true -Dmanagement.endpoints.jmx.exposure.include=* -Dspring.application.admin.enabled=true -XX:TieredStopAtLevel=1 -Dspring.boot.project.name=RecargaDispositivos -javaagent:C:\eclipse\configuration\org.eclipse.osgi\251\0\.cp\lib\javaagent-shaded.jar -Dfile.encoding=UTF-8 -Dstdout.encoding=UTF-8 -Dstderr.encoding=UTF-8 com.algartelecom.RecargaDispositivos.RecargaDispositivosApplication --spring.output.ansi.enabled=always

Host: AMD Ryzen 3 3200G with Radeon Vega Graphics    , 4 cores, 13G,  Windows 10 , 64 bit Build 19041 (10.0.19041.3636)
Time: Mon Jun  3 03:00:05 2024 Hora oficial do Brasil elapsed time: 0.113819 seconds (0d 0h 0m 0s)

---------------  T H R E A D  ---------------

Current thread (0x000001392e6246c0):  JavaThread "Unknown thread" [_thread_in_vm, id=31032, stack(0x00000006b5800000,0x00000006b5900000)]

Stack: [0x00000006b5800000,0x00000006b5900000]
Native frames: (J=compiled Java code, j=interpreted, Vv=VM code, C=native code)
V  [jvm.dll+0x677a5a]
V  [jvm.dll+0x7d8b2d]
V  [jvm.dll+0x7da48e]
V  [jvm.dll+0x7daaf3]
V  [jvm.dll+0x2455ff]
V  [jvm.dll+0x6749b9]
V  [jvm.dll+0x669382]
V  [jvm.dll+0x302e96]
V  [jvm.dll+0x30a416]
V  [jvm.dll+0x359cbe]
V  [jvm.dll+0x359eef]
V  [jvm.dll+0x2d9e88]
V  [jvm.dll+0x2dadf4]
V  [jvm.dll+0x7aa551]
V  [jvm.dll+0x367911]
V  [jvm.dll+0x789639]
V  [jvm.dll+0x3eb30f]
V  [jvm.dll+0x3ecd91]
C  [jli.dll+0x5297]
C  [ucrtbase.dll+0x21bb2]
C  [KERNEL32.DLL+0x17344]
C  [ntdll.dll+0x526b1]


---------------  P R O C E S S  ---------------

Threads class SMR info:
_java_thread_list=0x00007ffcdefc6a18, length=0, elements={
}

Java Threads: ( => current thread )

Other Threads:
  0x000001392e685710 GCTaskThread "GC Thread#0" [stack: 0x00000006b5900000,0x00000006b5a00000] [id=30856]
  0x000001392e6954c0 ConcurrentGCThread "G1 Main Marker" [stack: 0x00000006b5a00000,0x00000006b5b00000] [id=30840]
  0x000001392e695de0 ConcurrentGCThread "G1 Conc#0" [stack: 0x00000006b5b00000,0x00000006b5c00000] [id=3736]

[error occurred during error reporting (printing all threads), id 0xc0000005, EXCEPTION_ACCESS_VIOLATION (0xc0000005) at pc=0x00007ffcde7faae7]

VM state: not at safepoint (not fully initialized)

VM Mutex/Monitor currently owned by a thread:  ([mutex/lock_event])
[0x000001392e6208f0] Heap_lock - owner thread: 0x000001392e6246c0

Heap address: 0x0000000720c00000, size: 3572 MB, Compressed Oops mode: Zero based, Oop shift amount: 3

CDS archive(s) mapped at: [0x0000000000000000-0x0000000000000000-0x0000000000000000), size 0, SharedBaseAddress: 0x0000000800000000, ArchiveRelocationMode: 1.
Narrow klass base: 0x0000000000000000, Narrow klass shift: 0, Narrow klass range: 0x0

GC Precious Log:
<Empty>

Heap:
 garbage-first heap   total 0K, used 0K [0x0000000720c00000, 0x0000000800000000)
  region size 2048K, 0 young (0K), 0 survivors (0K)

[error occurred during error reporting (printing heap information), id 0xc0000005, EXCEPTION_ACCESS_VIOLATION (0xc0000005) at pc=0x00007ffcdebe1249]

GC Heap History (0 events):
No events

Deoptimization events (0 events):
No events

Classes unloaded (0 events):
No events

Classes redefined (0 events):
No events

Internal exceptions (0 events):
No events

VM Operations (0 events):
No events

Events (1 events):
Event: 0.062 Loaded shared library C:\Program Files\Java\jdk-17\bin\java.dll


Dynamic libraries:
0x00007ff60c970000 - 0x00007ff60c980000 	C:\Program Files\Java\jdk-17\bin\javaw.exe
0x00007ffd57510000 - 0x00007ffd57708000 	C:\WINDOWS\SYSTEM32\ntdll.dll
0x00007ffd566d0000 - 0x00007ffd5678d000 	C:\WINDOWS\System32\KERNEL32.DLL
0x00007ffd54ea0000 - 0x00007ffd55196000 	C:\WINDOWS\System32\KERNELBASE.dll
0x00007ffd54be0000 - 0x00007ffd54ce0000 	C:\WINDOWS\System32\ucrtbase.dll
0x00007ffd47360000 - 0x00007ffd47379000 	C:\Program Files\Java\jdk-17\bin\jli.dll
0x00007ffd573f0000 - 0x00007ffd574a0000 	C:\WINDOWS\System32\ADVAPI32.dll
0x00007ffd56fe0000 - 0x00007ffd5707e000 	C:\WINDOWS\System32\msvcrt.dll
0x00007ffd56630000 - 0x00007ffd566d0000 	C:\WINDOWS\System32\sechost.dll
0x00007ffd57120000 - 0x00007ffd57243000 	C:\WINDOWS\System32\RPCRT4.dll
0x00007ffd554b0000 - 0x00007ffd554d7000 	C:\WINDOWS\System32\bcrypt.dll
0x00007ffd57250000 - 0x00007ffd573ef000 	C:\WINDOWS\System32\USER32.dll
0x00007ffd554e0000 - 0x00007ffd55502000 	C:\WINDOWS\System32\win32u.dll
0x00007ffd55f90000 - 0x00007ffd55fbb000 	C:\WINDOWS\System32\GDI32.dll
0x00007ffd55390000 - 0x00007ffd554a7000 	C:\WINDOWS\System32\gdi32full.dll
0x00007ffd54d50000 - 0x00007ffd54ded000 	C:\WINDOWS\System32\msvcp_win.dll
0x00007ffd3f830000 - 0x00007ffd3f84b000 	C:\Program Files\Java\jdk-17\bin\VCRUNTIME140.dll
0x00007ffd43ec0000 - 0x00007ffd4415a000 	C:\WINDOWS\WinSxS\amd64_microsoft.windows.common-controls_6595b64144ccf1df_6.0.19041.4355_none_60b8b9eb71f62e16\COMCTL32.dll
0x00007ffd4c8f0000 - 0x00007ffd4c8fa000 	C:\WINDOWS\SYSTEM32\VERSION.dll
0x00007ffd57080000 - 0x00007ffd570b2000 	C:\WINDOWS\System32\IMM32.DLL
0x00007ffd47390000 - 0x00007ffd4739c000 	C:\Program Files\Java\jdk-17\bin\vcruntime140_1.dll
0x00007ffd08700000 - 0x00007ffd0878e000 	C:\Program Files\Java\jdk-17\bin\msvcp140.dll
0x00007ffcde510000 - 0x00007ffcdf0ef000 	C:\Program Files\Java\jdk-17\bin\server\jvm.dll
0x00007ffd55c80000 - 0x00007ffd55c88000 	C:\WINDOWS\System32\PSAPI.DLL
0x00007ffd49d20000 - 0x00007ffd49d47000 	C:\WINDOWS\SYSTEM32\WINMM.dll
0x00007ffd3a830000 - 0x00007ffd3a839000 	C:\WINDOWS\SYSTEM32\WSOCK32.dll
0x00007ffd55cf0000 - 0x00007ffd55d5b000 	C:\WINDOWS\System32\WS2_32.dll
0x00007ffd533c0000 - 0x00007ffd533d2000 	C:\WINDOWS\SYSTEM32\kernel.appcore.dll
0x00007ffd3e400000 - 0x00007ffd3e40a000 	C:\Program Files\Java\jdk-17\bin\jimage.dll
0x00007ffd52a00000 - 0x00007ffd52be4000 	C:\WINDOWS\SYSTEM32\DBGHELP.DLL
0x00007ffd3abd0000 - 0x00007ffd3ac04000 	C:\WINDOWS\SYSTEM32\dbgcore.DLL
0x00007ffd55300000 - 0x00007ffd55382000 	C:\WINDOWS\System32\bcryptPrimitives.dll
0x00007ffd2e0c0000 - 0x00007ffd2e0fb000 	C:\Program Files\Java\jdk-17\bin\jdwp.dll
0x00007ffd3e3f0000 - 0x00007ffd3e3fe000 	C:\Program Files\Java\jdk-17\bin\instrument.dll
0x00007ffd27a50000 - 0x00007ffd27a75000 	C:\Program Files\Java\jdk-17\bin\java.dll

dbghelp: loaded successfully - version: 4.0.5 - missing functions: none
symbol engine: initialized successfully - sym options: 0x614 - pdb path: .;C:\Program Files\Java\jdk-17\bin;C:\WINDOWS\SYSTEM32;C:\WINDOWS\WinSxS\amd64_microsoft.windows.common-controls_6595b64144ccf1df_6.0.19041.4355_none_60b8b9eb71f62e16;C:\Program Files\Java\jdk-17\bin\server

VM Arguments:
jvm_args: -XX:+ShowCodeDetailsInExceptionMessages -agentlib:jdwp=transport=dt_socket,suspend=y,address=localhost:57677 -Dcom.sun.management.jmxremote -Dcom.sun.management.jmxremote.port=56454 -Dcom.sun.management.jmxremote.authenticate=false -Dcom.sun.management.jmxremote.ssl=false -Djava.rmi.server.hostname=localhost -Dspring.jmx.enabled=true -Dmanagement.endpoints.jmx.exposure.include=* -Dspring.application.admin.enabled=true -XX:TieredStopAtLevel=1 -Dspring.boot.project.name=RecargaDispositivos -javaagent:C:\eclipse\configuration\org.eclipse.osgi\251\0\.cp\lib\javaagent-shaded.jar -Dfile.encoding=UTF-8 -Dstdout.encoding=UTF-8 -Dstderr.encoding=UTF-8 
java_command: com.algartelecom.RecargaDispositivos.RecargaDispositivosApplication --spring.output.ansi.enabled=always
java_class_path (initial): D:\projetos\RecargaDispositivos\target\classes;C:\Users\Luiz Claudio da Silv\.m2\repository\org\springframework\boot\spring-boot-starter-data-jpa\3.3.0\spring-boot-starter-data-jpa-3.3.0.jar;C:\Users\Luiz Claudio da Silv\.m2\repository\org\springframework\boot\spring-boot-starter-aop\3.3.0\spring-boot-starter-aop-3.3.0.jar;C:\Users\Luiz Claudio da Silv\.m2\repository\org\springframework\spring-aop\6.1.8\spring-aop-6.1.8.jar;C:\Users\Luiz Claudio da Silv\.m2\repository\org\aspectj\aspectjweaver\1.9.22\aspectjweaver-1.9.22.jar;C:\Users\Luiz Claudio da Silv\.m2\repository\org\springframework\boot\spring-boot-starter-jdbc\3.3.0\spring-boot-starter-jdbc-3.3.0.jar;C:\Users\Luiz Claudio da Silv\.m2\repository\com\zaxxer\HikariCP\5.1.0\HikariCP-5.1.0.jar;C:\Users\Luiz Claudio da Silv\.m2\repository\org\springframework\spring-jdbc\6.1.8\spring-jdbc-6.1.8.jar;C:\Users\Luiz Claudio da Silv\.m2\repository\org\hibernate\orm\hibernate-core\6.5.2.Final\hibernate-core-6.5.2.Final.jar;C:\Users\Luiz Claudio da Silv\.m2\repository\jakarta\persistence\jakarta.persistence-api\3.1.0\jakarta.persistence-api-3.1.0.jar;C:\Users\Luiz Claudio da Silv\.m2\repository\jakarta\transaction\jakarta.transaction-api\2.0.1\jakarta.transaction-api-2.0.1.jar;C:\Users\Luiz Claudio da Silv\.m2\repository\org\jboss\logging\jboss-logging\3.5.3.Final\jboss-logging-3.5.3.Final.jar;C:\Users\Luiz Claudio da Silv\.m2\repository\org\hibernate\common\hibernate-commons-annotations\6.0.6.Final\hibernate-commons-annotations-6.0.6.Final.jar;C:\Users\Luiz Claudio da Silv\.m2\repository\io\smallrye\jandex\3.1.2\jandex-3.1.2.jar;C:\Users\Luiz Claudio da Silv\.m2\repository\com\fasterxml\classmate\1.7.0\classmate-1.7.0.jar;C:\Users\Luiz Claudio da Silv\.m2\repository\net\bytebuddy\byte-buddy\1.14.16\byte-buddy-1.14.16.jar;C:\Users\Luiz Claudio da Silv\.m2\repository\org\glassfish\jaxb\jaxb-runtime\4.0.5\jaxb-runtime-4.0.5.jar;C:\Users\Luiz Claudio da Silv\.m2\repository\org\glassfish\jaxb\jaxb
Launcher Type: SUN_STANDARD

[Global flags]
     intx CICompilerCount                          = 3                                         {product} {ergonomic}
     uint ConcGCThreads                            = 1                                         {product} {ergonomic}
     uint G1ConcRefinementThreads                  = 4                                         {product} {ergonomic}
   size_t G1HeapRegionSize                         = 2097152                                   {product} {ergonomic}
    uintx GCDrainStackTargetSize                   = 64                                        {product} {ergonomic}
   size_t InitialHeapSize                          = 234881024                                 {product} {ergonomic}
     bool ManagementServer                         = true                                      {product} {command line}
   size_t MarkStackSize                            = 4194304                                   {product} {ergonomic}
   size_t MaxHeapSize                              = 3745513472                                {product} {ergonomic}
   size_t MinHeapDeltaBytes                        = 2097152                                   {product} {ergonomic}
   size_t MinHeapSize                              = 8388608                                   {product} {ergonomic}
    uintx NonProfiledCodeHeapSize                  = 0                                      {pd product} {ergonomic}
     bool ProfileInterpreter                       = false                                  {pd product} {command line}
    uintx ProfiledCodeHeapSize                     = 0                                      {pd product} {ergonomic}
     bool ShowCodeDetailsInExceptionMessages       = true                                   {manageable} {command line}
   size_t SoftMaxHeapSize                          = 3745513472                             {manageable} {ergonomic}
     intx TieredStopAtLevel                        = 1                                         {product} {command line}
     bool UseCompressedClassPointers               = true                           {product lp64_product} {ergonomic}
     bool UseCompressedOops                        = true                           {product lp64_product} {ergonomic}
     bool UseG1GC                                  = true                                      {product} {ergonomic}
     bool UseLargePagesIndividualAllocation        = false                                  {pd product} {ergonomic}

Logging:
Log output configuration:
 #0: stdout all=warning uptime,level,tags
 #1: stderr all=off uptime,level,tags

Environment Variables:
JAVA_HOME=C:\Program Files\Java\jdk-17
PATH=C:/eclipse//plugins/org.eclipse.justj.openjdk.hotspot.jre.full.win32.x86_64_17.0.10.v20240120-1143/jre/bin/server;C:/eclipse//plugins/org.eclipse.justj.openjdk.hotspot.jre.full.win32.x86_64_17.0.10.v20240120-1143/jre/bin;C:\Program Files (x86)\Common Files\Intel\Shared Libraries\redist\intel64\compiler;C:\Program Files\Common Files\Oracle\Java\javapath;C:\Program Files (x86)\Common Files\Oracle\Java\java8path;C:\Program Files (x86)\Common Files\Oracle\Java\javapath;C:\Python311\Scripts\;C:\Python311\;C:\WINDOWS\system32;C:\WINDOWS;C:\WINDOWS\System32\Wbem;C:\WINDOWS\System32\WindowsPowerShell\v1.0\;C:\WINDOWS\System32\OpenSSH\;C:\Program Files (x86)\dotnet\;C:\Program Files\dotnet\;C:\Program Files\nodejs\;C:\ProgramData\chocolatey\bin;C:\Program Files\Java\jdk-17\bin;E:\apache-maven-3.9.6\bin;C:\Program Files\Git\cmd;C:\Users\Luiz Claudio da Silv\AppData\Local\Microsoft\WindowsApps;C:\Users\Luiz Claudio da Silv\.dotnet\tools;C:\Users\Luiz Claudio da Silv\AppData\Local\Programs\Microsoft VS Code\bin;C:\Users\Luiz Claudio da Silv\AppData\Roaming\npm;C:\eclipse;
USERNAME=Luiz Claudio da Silv
OS=Windows_NT
PROCESSOR_IDENTIFIER=AMD64 Family 23 Model 24 Stepping 1, AuthenticAMD



---------------  S Y S T E M  ---------------

OS:
 Windows 10 , 64 bit Build 19041 (10.0.19041.3636)
OS uptime: 0 days 13:18 hours

CPU: total 4 (initial active 4) (4 cores per cpu, 1 threads per core) family 23 model 24 stepping 1 microcode 0x0, cx8, cmov, fxsr, mmx, 3dnowpref, sse, sse2, sse3, ssse3, sse4a, sse4.1, sse4.2, popcnt, lzcnt, tsc, tscinvbit, avx, avx2, aes, clmul, bmi1, bmi2, adx, sha, fma, vzeroupper, clflush, clflushopt

Memory: 4k page, system-wide physical 14284M (409M free)
TotalPageFile size 29811M (AvailPageFile size 123M)
current process WorkingSet (physical memory assigned to process): 10M, peak: 10M
current process commit charge ("private bytes"): 46M, peak: 270M

vm_info: Java HotSpot(TM) 64-Bit Server VM (17.0.10+11-LTS-240) for windows-amd64 JRE (17.0.10+11-LTS-240), built on Dec 19 2023 21:47:25 by "mach5one" with MS VC++ 17.1 (VS2022)

END.
